<?xml version="1.0" encoding="UTF-8"?>
<!-- Generated by org.testng.reporters.JUnitReportReporter -->
<testsuite hostname="Evgenys-MacBook-Pro.local" name="com.chirkov.tests.HomePageTest" tests="2" failures="0" timestamp="8 Nov 2015 21:36:08 GMT" time="8.170" errors="0">
  <testcase name="testLoginBtn" time="5.474" classname="com.chirkov.tests.HomePageTest"/>
  <testcase name="testSignUpBtn" time="2.696" classname="com.chirkov.tests.HomePageTest"/>
</testsuite> <!-- com.chirkov.tests.HomePageTest -->
