<?xml version="1.0" encoding="UTF-8"?>
<!-- Generated by org.testng.reporters.JUnitReportReporter -->
<testsuite hostname="Evgenys-MacBook-Pro.local" name="com.chirkov.tests.LoginTest" tests="1" failures="0" timestamp="29 Oct 2015 23:38:25 GMT" time="4.389" errors="0">
  <testcase name="testLogin" time="4.389" classname="com.chirkov.tests.LoginTest"/>
</testsuite> <!-- com.chirkov.tests.LoginTest -->
