<?xml version="1.0" encoding="UTF-8"?>
<!-- Generated by org.testng.reporters.JUnitReportReporter -->
<testsuite hostname="Evgenys-MacBook-Pro.local" name="com.chirkov.tests.HomePageTest" tests="2" failures="0" timestamp="30 Oct 2015 23:04:16 GMT" time="7.498" errors="0">
  <testcase name="testLoginBtn" time="4.958" classname="com.chirkov.tests.HomePageTest"/>
  <testcase name="testSignUpBtn" time="2.540" classname="com.chirkov.tests.HomePageTest"/>
</testsuite> <!-- com.chirkov.tests.HomePageTest -->
