<?xml version="1.0" encoding="UTF-8"?>
<!-- Generated by org.testng.reporters.JUnitReportReporter -->
<testsuite hostname="Evgenys-MacBook-Pro.local" name="com.demo.tests.loginTest" tests="1" failures="0" timestamp="23 Oct 2015 00:50:13 GMT" time="6.489" errors="0">
  <testcase name="testLogin" time="6.489" classname="com.demo.tests.loginTest"/>
</testsuite> <!-- com.demo.tests.loginTest -->
